<?xml version="1.0" encoding="UTF-8"?>
<!-- Generated by org.testng.reporters.JUnitReportReporter -->
<testsuite hostname="LAPTOP-L754054H" failures="0" tests="1" name="TestRunner.testRunner" time="18.209" errors="0" timestamp="2023-03-30T23:11:24 IST" skipped="0">
  <testcase classname="TestRunner.testRunner" name="runScenario" time="18.209"/>
  <system-out/>
</testsuite> <!-- TestRunner.testRunner -->
