<?xml version="1.0" encoding="UTF-8"?>
<!-- Generated by org.testng.reporters.JUnitReportReporter -->
<testsuite hostname="LAPTOP-L754054H" failures="0" tests="1" name="TestRunner.testRunner" time="8.654" errors="0" timestamp="2022-10-09T01:31:34 IST" skipped="0">
  <testcase classname="TestRunner.testRunner" name="runScenario" time="8.654"/>
  <system-out/>
</testsuite> <!-- TestRunner.testRunner -->
